C:\USERS\RHARRINGTON\DOCUMENTS\GITHUB\MHSIM\MHSIM\DEBUG\CABLE.OBJ
C:\USERS\RHARRINGTON\DOCUMENTS\GITHUB\MHSIM\MHSIM\DEBUG\MAIN.OBJ
C:\USERS\RHARRINGTON\DOCUMENTS\GITHUB\MHSIM\MHSIM\DEBUG\VC110.PDB
C:\USERS\RHARRINGTON\DOCUMENTS\GITHUB\MHSIM\MHSIM\DEBUG\LOGIT.OBJ
C:\USERS\RHARRINGTON\DOCUMENTS\GITHUB\MHSIM\DEBUG\MHSIM.ILK
C:\USERS\RHARRINGTON\DOCUMENTS\GITHUB\MHSIM\DEBUG\MHSIM.EXE
C:\USERS\RHARRINGTON\DOCUMENTS\GITHUB\MHSIM\DEBUG\MHSIM.PDB
C:\Users\RHarrington\Documents\GitHub\MHSim\MHSim\Debug\Cable.obj
C:\Users\RHarrington\Documents\GitHub\MHSim\MHSim\Debug\Logit.obj
C:\Users\RHarrington\Documents\GitHub\MHSim\MHSim\Debug\main.obj
C:\Users\RHarrington\Documents\GitHub\MHSim\MHSim\Debug\cl.command.1.tlog
C:\Users\RHarrington\Documents\GitHub\MHSim\MHSim\Debug\CL.read.1.tlog
C:\Users\RHarrington\Documents\GitHub\MHSim\MHSim\Debug\CL.write.1.tlog
C:\Users\RHarrington\Documents\GitHub\MHSim\MHSim\Debug\link-cvtres.read.1.tlog
C:\Users\RHarrington\Documents\GitHub\MHSim\MHSim\Debug\link-cvtres.write.1.tlog
C:\Users\RHarrington\Documents\GitHub\MHSim\MHSim\Debug\link-rc.read.1.tlog
C:\Users\RHarrington\Documents\GitHub\MHSim\MHSim\Debug\link-rc.write.1.tlog
C:\Users\RHarrington\Documents\GitHub\MHSim\MHSim\Debug\link.10012-cvtres.read.1.tlog
C:\Users\RHarrington\Documents\GitHub\MHSim\MHSim\Debug\link.10012-cvtres.write.1.tlog
C:\Users\RHarrington\Documents\GitHub\MHSim\MHSim\Debug\link.10012-rc.read.1.tlog
C:\Users\RHarrington\Documents\GitHub\MHSim\MHSim\Debug\link.10012-rc.write.1.tlog
C:\Users\RHarrington\Documents\GitHub\MHSim\MHSim\Debug\link.10012.read.1.tlog
C:\Users\RHarrington\Documents\GitHub\MHSim\MHSim\Debug\link.10012.write.1.tlog
C:\Users\RHarrington\Documents\GitHub\MHSim\MHSim\Debug\link.10196-cvtres.read.1.tlog
C:\Users\RHarrington\Documents\GitHub\MHSim\MHSim\Debug\link.10196-cvtres.write.1.tlog
C:\Users\RHarrington\Documents\GitHub\MHSim\MHSim\Debug\link.10196-rc.read.1.tlog
C:\Users\RHarrington\Documents\GitHub\MHSim\MHSim\Debug\link.10196-rc.write.1.tlog
C:\Users\RHarrington\Documents\GitHub\MHSim\MHSim\Debug\link.10196.read.1.tlog
C:\Users\RHarrington\Documents\GitHub\MHSim\MHSim\Debug\link.10196.write.1.tlog
C:\Users\RHarrington\Documents\GitHub\MHSim\MHSim\Debug\link.10336-cvtres.read.1.tlog
C:\Users\RHarrington\Documents\GitHub\MHSim\MHSim\Debug\link.10336-cvtres.write.1.tlog
C:\Users\RHarrington\Documents\GitHub\MHSim\MHSim\Debug\link.10336-rc.read.1.tlog
C:\Users\RHarrington\Documents\GitHub\MHSim\MHSim\Debug\link.10336-rc.write.1.tlog
C:\Users\RHarrington\Documents\GitHub\MHSim\MHSim\Debug\link.10336.read.1.tlog
C:\Users\RHarrington\Documents\GitHub\MHSim\MHSim\Debug\link.10336.write.1.tlog
C:\Users\RHarrington\Documents\GitHub\MHSim\MHSim\Debug\link.6536-cvtres.read.1.tlog
C:\Users\RHarrington\Documents\GitHub\MHSim\MHSim\Debug\link.6536-cvtres.write.1.tlog
C:\Users\RHarrington\Documents\GitHub\MHSim\MHSim\Debug\link.6536-rc.read.1.tlog
C:\Users\RHarrington\Documents\GitHub\MHSim\MHSim\Debug\link.6536-rc.write.1.tlog
C:\Users\RHarrington\Documents\GitHub\MHSim\MHSim\Debug\link.6536.read.1.tlog
C:\Users\RHarrington\Documents\GitHub\MHSim\MHSim\Debug\link.6536.write.1.tlog
C:\Users\RHarrington\Documents\GitHub\MHSim\MHSim\Debug\link.8808-cvtres.read.1.tlog
C:\Users\RHarrington\Documents\GitHub\MHSim\MHSim\Debug\link.8808-cvtres.write.1.tlog
C:\Users\RHarrington\Documents\GitHub\MHSim\MHSim\Debug\link.8808-rc.read.1.tlog
C:\Users\RHarrington\Documents\GitHub\MHSim\MHSim\Debug\link.8808-rc.write.1.tlog
C:\Users\RHarrington\Documents\GitHub\MHSim\MHSim\Debug\link.8808.read.1.tlog
C:\Users\RHarrington\Documents\GitHub\MHSim\MHSim\Debug\link.8808.write.1.tlog
C:\Users\RHarrington\Documents\GitHub\MHSim\MHSim\Debug\link.9008-cvtres.read.1.tlog
C:\Users\RHarrington\Documents\GitHub\MHSim\MHSim\Debug\link.9008-cvtres.write.1.tlog
C:\Users\RHarrington\Documents\GitHub\MHSim\MHSim\Debug\link.9008-rc.read.1.tlog
C:\Users\RHarrington\Documents\GitHub\MHSim\MHSim\Debug\link.9008-rc.write.1.tlog
C:\Users\RHarrington\Documents\GitHub\MHSim\MHSim\Debug\link.9008.read.1.tlog
C:\Users\RHarrington\Documents\GitHub\MHSim\MHSim\Debug\link.9008.write.1.tlog
C:\Users\RHarrington\Documents\GitHub\MHSim\MHSim\Debug\link.9228-cvtres.read.1.tlog
C:\Users\RHarrington\Documents\GitHub\MHSim\MHSim\Debug\link.9228-cvtres.write.1.tlog
C:\Users\RHarrington\Documents\GitHub\MHSim\MHSim\Debug\link.9228-rc.read.1.tlog
C:\Users\RHarrington\Documents\GitHub\MHSim\MHSim\Debug\link.9228-rc.write.1.tlog
C:\Users\RHarrington\Documents\GitHub\MHSim\MHSim\Debug\link.9228.read.1.tlog
C:\Users\RHarrington\Documents\GitHub\MHSim\MHSim\Debug\link.9228.write.1.tlog
C:\Users\RHarrington\Documents\GitHub\MHSim\MHSim\Debug\link.command.1.tlog
C:\Users\RHarrington\Documents\GitHub\MHSim\MHSim\Debug\link.read.1.tlog
C:\Users\RHarrington\Documents\GitHub\MHSim\MHSim\Debug\link.write.1.tlog
C:\Users\RHarrington\Documents\GitHub\MHSim\MHSim\Debug\vc110.idb
C:\Users\RHarrington\Documents\GitHub\MHSim\MHSim\Debug\vc110.pdb
C:\Users\RHarrington\Documents\GitHub\MHSim\Debug\MHSim.pdb
C:\Users\RHarrington\Documents\GitHub\MHSim\Debug\MHSim.exe
C:\Users\RHarrington\Documents\GitHub\MHSim\Debug\MHSim.ilk
