Build started 5/28/2014 2:00:01 PM.
     1>Project "C:\Users\RHarrington\Documents\GitHub\MHSim\MHSim\MHSim.vcxproj" on node 2 (Build target(s)).
     1>ClCompile:
         C:\Program Files (x86)\Microsoft Visual Studio 11.0\VC\bin\CL.exe /c /IF:\Boost\boost_1_55_0 /ZI /nologo /W3 /WX- /sdl /Od /Oy- /D _UNICODE /D UNICODE /D _MBCS /Gm /EHsc /RTC1 /MDd /GS /fp:precise /Zc:wchar_t /Zc:forScope /Fo"Debug\\" /Fd"Debug\vc110.pdb" /Gd /TP /analyze- /errorReport:prompt HeroParser.cpp
         HeroParser.cpp
     1>c:\users\rharrington\documents\github\mhsim\mhsim\herostats.h(44): warning C4244: '=' : conversion from 'double' to 'int', possible loss of data
     1>c:\users\rharrington\documents\github\mhsim\mhsim\herostats.h(45): warning C4244: '=' : conversion from 'double' to 'int', possible loss of data
     1>c:\users\rharrington\documents\github\mhsim\mhsim\herostats.h(46): warning C4244: '=' : conversion from 'double' to 'int', possible loss of data
     1>c:\users\rharrington\documents\github\mhsim\mhsim\herostats.h(47): warning C4244: '=' : conversion from 'double' to 'int', possible loss of data
     1>c:\users\rharrington\documents\github\mhsim\mhsim\herostats.h(48): warning C4244: '=' : conversion from 'double' to 'int', possible loss of data
       Link:
         C:\Program Files (x86)\Microsoft Visual Studio 11.0\VC\bin\link.exe /ERRORREPORT:PROMPT /OUT:"C:\Users\RHarrington\Documents\GitHub\MHSim\Debug\MHSim.exe" /INCREMENTAL /NOLOGO /LIBPATH:F:\Boost\boost_1_55_0\stage\lib shlwapi.lib kernel32.lib user32.lib gdi32.lib winspool.lib comdlg32.lib advapi32.lib shell32.lib ole32.lib oleaut32.lib uuid.lib odbc32.lib odbccp32.lib /MANIFEST /MANIFESTUAC:"level='asInvoker' uiAccess='false'" /manifest:embed /DEBUG /PDB:"C:\Users\RHarrington\Documents\GitHub\MHSim\Debug\MHSim.pdb" /TLBID:1 /DYNAMICBASE /NXCOMPAT /IMPLIB:"C:\Users\RHarrington\Documents\GitHub\MHSim\Debug\MHSim.lib" /MACHINE:X86 Debug\Cable.obj
         Debug\HeroParser.obj
         Debug\Logit.obj
         Debug\main.obj
         Debug\pugixml.obj
         MHSim.vcxproj -> C:\Users\RHarrington\Documents\GitHub\MHSim\Debug\MHSim.exe
     1>Done Building Project "C:\Users\RHarrington\Documents\GitHub\MHSim\MHSim\MHSim.vcxproj" (Build target(s)).

Build succeeded.

Time Elapsed 00:00:03.35
